<?xml version="1.0" encoding="UTF-8"?>
<testsuite name="challenge11.AppTest" tests="1" skipped="0" failures="0" errors="0" timestamp="2021-10-31T10:17:30" hostname="LTUCSTUDENT-L13" time="0.082">
  <properties/>
  <testcase name="pseudoQueuetest()" classname="challenge11.AppTest" time="0.082"/>
  <system-out><![CDATA[]]></system-out>
  <system-err><![CDATA[]]></system-err>
</testsuite>
