<?xml version="1.0" encoding="UTF-8"?>
<testsuite name="class05.AppTest" tests="1" skipped="0" failures="0" errors="0" timestamp="2021-10-16T13:51:38" hostname="LTUCSTUDENT-L13" time="0.021">
  <properties/>
  <testcase name="returnvalueslinkedlist()" classname="class05.AppTest" time="0.021"/>
  <system-out><![CDATA[]]></system-out>
  <system-err><![CDATA[]]></system-err>
</testsuite>
