<?xml version="1.0" encoding="UTF-8"?>
<testsuite name="challenge12.AppTest" tests="1" skipped="0" failures="0" errors="0" timestamp="2021-10-25T21:39:24" hostname="LTUCSTUDENT-L13" time="0.026">
  <properties/>
  <testcase name="countTest()" classname="challenge12.AppTest" time="0.026"/>
  <system-out><![CDATA[2
]]></system-out>
  <system-err><![CDATA[]]></system-err>
</testsuite>
