<?xml version="1.0" encoding="UTF-8"?>
<testsuite name="ch13.AppTest" tests="1" skipped="0" failures="0" errors="0" timestamp="2021-10-27T00:12:04" hostname="LTUCSTUDENT-L13" time="0.06">
  <properties/>
  <testcase name="testbracket()" classname="ch13.AppTest" time="0.06"/>
  <system-out><![CDATA[]]></system-out>
  <system-err><![CDATA[]]></system-err>
</testsuite>
