<?xml version="1.0" encoding="UTF-8"?>
<testsuite name="codechallenge6.AppTest" tests="1" skipped="0" failures="0" errors="0" timestamp="2021-10-22T16:57:28" hostname="LTUCSTUDENT-L13" time="0.024">
  <properties/>
  <testcase name="testafter()" classname="codechallenge6.AppTest" time="0.024"/>
  <system-out><![CDATA[]]></system-out>
  <system-err><![CDATA[]]></system-err>
</testsuite>
