<?xml version="1.0" encoding="UTF-8"?>
<testsuite name="codechallenge7.AppTest" tests="1" skipped="0" failures="0" errors="0" timestamp="2021-10-22T18:49:24" hostname="LTUCSTUDENT-L13" time="0.023">
  <properties/>
  <testcase name="kinMidlle()" classname="codechallenge7.AppTest" time="0.023"/>
  <system-out><![CDATA[]]></system-out>
  <system-err><![CDATA[]]></system-err>
</testsuite>
