<?xml version="1.0" encoding="UTF-8"?>
<testsuite name="challenge10.AppTest" tests="1" skipped="0" failures="0" errors="0" timestamp="2021-10-30T11:22:43" hostname="LTUCSTUDENT-L13" time="0.052">
  <properties/>
  <testcase name="appHasAGreeting()" classname="challenge10.AppTest" time="0.052"/>
  <system-out><![CDATA[]]></system-out>
  <system-err><![CDATA[]]></system-err>
</testsuite>
